<?xml version="1.0" encoding="UTF-8"?>
<!-- Generated by org.testng.reporters.JUnitXMLReporter -->
<testsuite ignored="0" hostname="DESKTOP-M7E1LBL" failures="2" tests="3" name="ChromeTest" time="40.549" errors="0" timestamp="2025-04-06T00:27:27 IST">
  <testcase classname="selenium.pracproject.example1" name="testcases" time="12.157"/>
  <testcase classname="selenium.pracproject.example1" name="testcases" time="11.32">
    <failure type="java.lang.AssertionError" message="expected [Logged In Successfully | Practice Test Automation] but found [Test Login | Practice Test Automation]">
      <![CDATA[java.lang.AssertionError: expected [Logged In Successfully | Practice Test Automation] but found [Test Login | Practice Test Automation]
at selenium.pracproject.example1.testcases(example1.java:62)
at java.base/java.util.ArrayList.forEach(ArrayList.java:1596)
at java.base/java.util.concurrent.FutureTask.run(FutureTask.java:317)
at java.base/java.util.concurrent.ThreadPoolExecutor.runWorker(ThreadPoolExecutor.java:1144)
at java.base/java.util.concurrent.ThreadPoolExecutor$Worker.run(ThreadPoolExecutor.java:642)
at java.base/java.lang.Thread.run(Thread.java:1583)
... Removed 21 stack frames]]>
    </failure>
  </testcase> <!-- testcases -->
  <testcase classname="selenium.pracproject.example1" name="testcases" time="10.925">
    <failure type="java.lang.AssertionError" message="expected [Logged In Successfully | Practice Test Automation] but found [Test Login | Practice Test Automation]">
      <![CDATA[java.lang.AssertionError: expected [Logged In Successfully | Practice Test Automation] but found [Test Login | Practice Test Automation]
at selenium.pracproject.example1.testcases(example1.java:62)
at java.base/java.util.ArrayList.forEach(ArrayList.java:1596)
at java.base/java.util.concurrent.FutureTask.run(FutureTask.java:317)
at java.base/java.util.concurrent.ThreadPoolExecutor.runWorker(ThreadPoolExecutor.java:1144)
at java.base/java.util.concurrent.ThreadPoolExecutor$Worker.run(ThreadPoolExecutor.java:642)
at java.base/java.lang.Thread.run(Thread.java:1583)
... Removed 21 stack frames]]>
    </failure>
  </testcase> <!-- testcases -->
</testsuite> <!-- ChromeTest -->
