<?xml version="1.0" encoding="UTF-8"?>
<!-- Generated by org.testng.reporters.JUnitXMLReporter -->
<testsuite ignored="0" hostname="DESKTOP-M7E1LBL" failures="1" tests="2" name="EdgeTest" time="12.246" errors="0" timestamp="2025-04-05T13:19:11 IST">
  <testcase classname="selenium.pracproject.example1" name="test" time="0.008"/>
  <testcase classname="selenium.pracproject.example1" name="testcases" time="6.659">
    <failure type="java.lang.AssertionError" message="expected [Filpkart] but found [Online Shopping Site for Mobiles, Electronics, Furniture, Grocery, Lifestyle, Books &amp;amp; More. Best Offers!]">
      <![CDATA[java.lang.AssertionError: expected [Filpkart] but found [Online Shopping Site for Mobiles, Electronics, Furniture, Grocery, Lifestyle, Books & More. Best Offers!]
at selenium.pracproject.example1.testcases(example1.java:20)
at java.base/java.util.ArrayList.forEach(ArrayList.java:1596)
at java.base/java.util.concurrent.FutureTask.run(FutureTask.java:317)
at java.base/java.util.concurrent.ThreadPoolExecutor.runWorker(ThreadPoolExecutor.java:1144)
at java.base/java.util.concurrent.ThreadPoolExecutor$Worker.run(ThreadPoolExecutor.java:642)
at java.base/java.lang.Thread.run(Thread.java:1583)
... Removed 21 stack frames]]>
    </failure>
  </testcase> <!-- testcases -->
</testsuite> <!-- EdgeTest -->
